<?xml version="1.0" encoding="UTF-8"?>
<!-- Generated by org.testng.reporters.JUnitXMLReporter -->
<testsuite ignored="0" hostname="Admin" failures="1" tests="1" name="Surefire test" time="19.671" errors="0" timestamp="2024-04-27T11:38:04 IST">
  <testcase classname="com.example.AppTest" name="test" time="2.647">
    <failure type="java.io.IOException" message="Cannot create directory &amp;apos;C:\Users\91701\Desktop\it sckcet\softwareTesting-1\ExtentReports\exercise1&amp;apos;.">
      <![CDATA[java.io.IOException: Cannot create directory 'C:\Users\91701\Desktop\it sckcet\softwareTesting-1\ExtentReports\exercise1'.
at org.apache.commons.io.FileUtils.mkdirs(FileUtils.java:2289)
at org.apache.commons.io.FileUtils.createParentDirectories(FileUtils.java:1097)
at org.apache.commons.io.FileUtils.copyFile(FileUtils.java:802)
at org.apache.commons.io.FileUtils.copyFile(FileUtils.java:834)
at org.apache.commons.io.FileUtils.copyFile(FileUtils.java:742)
at com.example.AppTest.test(AppTest.java:52)
at java.base/java.util.ArrayList.forEach(ArrayList.java:1511)
... Removed 32 stack frames]]>
    </failure>
  </testcase> <!-- test -->
</testsuite> <!-- Surefire test -->
