-------------------------------------------------------------------------------
Test set: com.example.AppTest
-------------------------------------------------------------------------------
Tests run: 11, Failures: 1, Errors: 0, Skipped: 10, Time elapsed: 5.601 s <<< FAILURE! - in com.example.AppTest
setup(com.example.AppTest)  Time elapsed: 5.349 s  <<< FAILURE!
java.io.FileNotFoundException: C:\Users\91701\Downloads\input for websites.xlsx (The system cannot find the path specified)
	at com.example.AppTest.setup(AppTest.java:38)

