-------------------------------------------------------------------------------
Test set: com.example.AppTest
-------------------------------------------------------------------------------
Tests run: 1, Failures: 1, Errors: 0, Skipped: 0, Time elapsed: 20.15 s <<< FAILURE! - in com.example.AppTest
test(com.example.AppTest)  Time elapsed: 2.639 s  <<< FAILURE!
java.io.IOException: Cannot create directory 'C:\Users\91701\Desktop\it sckcet\softwareTesting-1\ExtentReports\exercise1'.
	at com.example.AppTest.test(AppTest.java:52)

